<?xml version="1.0" encoding="UTF-8"?>
<!-- Generated by org.testng.reporters.JUnitReportReporter -->
<testsuite hostname="Dharmender" failures="0" tests="2" name="tests.OrderTests" time="24.624" errors="0" timestamp="2025-09-07T20:35:04 IST" skipped="0">
  <testcase classname="tests.OrderTests" name="placeOrderAndVerifySingleItem" time="12.885"/>
  <testcase classname="tests.OrderTests" name="orderInvalidCardShowsAlert" time="11.739"/>
</testsuite> <!-- tests.OrderTests -->
