<?xml version="1.0" encoding="UTF-8"?>
<!-- Generated by org.testng.reporters.JUnitReportReporter -->
<testsuite hostname="Dharmender" failures="0" tests="2" name="tests.CartTests" time="17.545" errors="0" timestamp="2025-09-07T20:35:04 IST" skipped="0">
  <testcase classname="tests.CartTests" name="cartPersistence" time="9.492"/>
  <testcase classname="tests.CartTests" name="addSingleProduct" time="8.053"/>
</testsuite> <!-- tests.CartTests -->
