<?xml version="1.0" encoding="UTF-8"?>
<!-- Generated by org.testng.reporters.JUnitReportReporter -->
<testsuite hostname="Dharmender" failures="0" tests="3" name="tests.BrowseTests" time="15.598" errors="0" timestamp="2025-09-07T20:35:04 IST" skipped="0">
  <testcase classname="tests.BrowseTests" name="browsePhones" time="4.844"/>
  <testcase classname="tests.BrowseTests" name="browseMonitors" time="5.556"/>
  <testcase classname="tests.BrowseTests" name="browseLaptops" time="5.198"/>
</testsuite> <!-- tests.BrowseTests -->
