<?xml version="1.0" encoding="UTF-8"?>
<!-- Generated by org.testng.reporters.JUnitReportReporter -->
<testsuite hostname="Dharmender" failures="0" tests="7" name="tests.AuthTests" time="35.374" errors="0" timestamp="2025-09-07T20:35:04 IST" skipped="0">
  <testcase classname="tests.AuthTests" name="loginInvalid" time="3.590"/>
  <testcase classname="tests.AuthTests" name="loginInvalid" time="3.215"/>
  <testcase classname="tests.AuthTests" name="loginAfterSignup" time="11.189"/>
  <testcase classname="tests.AuthTests" name="loginWrongPasswordOnly" time="5.988"/>
  <testcase classname="tests.AuthTests" name="loginInvalid" time="3.117"/>
  <testcase classname="tests.AuthTests" name="signupNewUser" time="4.093"/>
  <testcase classname="tests.AuthTests" name="loginInvalid" time="4.182"/>
</testsuite> <!-- tests.AuthTests -->
